HK3-Login/build/outputs/logs/manifest-merger-debug-report.txt
-- Merging decision tree log ---
manifest
ADDED from src/main/AndroidManifest.xml:2:1-64:12
	package
		ADDED from src/main/AndroidManifest.xml:3:5-40
		INJECTED from src/main/AndroidManifest.xml
		INJECTED from src/main/AndroidManifest.xml
	android:versionName
		ADDED from src/main/AndroidManifest.xml:5:5-30
		INJECTED from src/main/AndroidManifest.xml
		INJECTED from src/main/AndroidManifest.xml
	android:versionCode
		ADDED from src/main/AndroidManifest.xml:4:5-28
		INJECTED from src/main/AndroidManifest.xml
		INJECTED from src/main/AndroidManifest.xml
	xmlns:android
		ADDED from src/main/AndroidManifest.xml:2:11-69
uses-sdk
ADDED from src/main/AndroidManifest.xml:7:5-9:41
MERGED from [com.android.support:appcompat-v7:23.3.0] AndroidManifest.xml:21:5-23:78
MERGED from [com.android.support:support-vector-drawable:23.3.0] AndroidManifest.xml:5:5-43
MERGED from [com.android.support:support-v4:23.3.0] AndroidManifest.xml:20:5-43
MERGED from [com.android.support:animated-vector-drawable:23.3.0] AndroidManifest.xml:5:5-44
MERGED from [com.android.support:support-vector-drawable:23.3.0] AndroidManifest.xml:5:5-43
MERGED from [com.android.support:support-v4:23.3.0] AndroidManifest.xml:20:5-43
MERGED from [com.android.support:support-v4:23.3.0] AndroidManifest.xml:20:5-43
MERGED from [com.android.support:recyclerview-v7:23.3.0] AndroidManifest.xml:20:5-43
MERGED from [com.android.support:support-v4:23.3.0] AndroidManifest.xml:20:5-43
MERGED from [com.android.support:cardview-v7:23.0.1] AndroidManifest.xml:20:5-43
MERGED from [HomeKitchen:placingorder:unspecified] AndroidManifest.xml:7:5-9:41
MERGED from [HomeKitchen:app:unspecified] AndroidManifest.xml:7:5-9:41
MERGED from [com.android.support:appcompat-v7:23.3.0] AndroidManifest.xml:21:5-23:78
MERGED from [com.android.support:support-vector-drawable:23.3.0] AndroidManifest.xml:5:5-43
MERGED from [com.android.support:support-v4:23.3.0] AndroidManifest.xml:20:5-43
MERGED from [com.android.support:animated-vector-drawable:23.3.0] AndroidManifest.xml:5:5-44
MERGED from [com.android.support:support-vector-drawable:23.3.0] AndroidManifest.xml:5:5-43
MERGED from [com.android.support:support-v4:23.3.0] AndroidManifest.xml:20:5-43
MERGED from [com.android.support:support-v4:23.3.0] AndroidManifest.xml:20:5-43
MERGED from [com.android.support:design:23.3.0] AndroidManifest.xml:20:5-43
MERGED from [com.android.support:appcompat-v7:23.3.0] AndroidManifest.xml:21:5-23:78
MERGED from [com.android.support:support-vector-drawable:23.3.0] AndroidManifest.xml:5:5-43
MERGED from [com.android.support:support-v4:23.3.0] AndroidManifest.xml:20:5-43
MERGED from [com.android.support:animated-vector-drawable:23.3.0] AndroidManifest.xml:5:5-44
MERGED from [com.android.support:support-vector-drawable:23.3.0] AndroidManifest.xml:5:5-43
MERGED from [com.android.support:support-v4:23.3.0] AndroidManifest.xml:20:5-43
MERGED from [com.android.support:support-v4:23.3.0] AndroidManifest.xml:20:5-43
MERGED from [com.android.support:support-v4:23.3.0] AndroidManifest.xml:20:5-43
MERGED from [com.android.support:recyclerview-v7:23.3.0] AndroidManifest.xml:20:5-43
MERGED from [com.android.support:support-v4:23.3.0] AndroidManifest.xml:20:5-43
MERGED from [com.android.support:support-v4:23.3.0] AndroidManifest.xml:20:5-43
MERGED from [com.android.support:appcompat-v7:23.3.0] AndroidManifest.xml:21:5-23:78
MERGED from [com.android.support:support-vector-drawable:23.3.0] AndroidManifest.xml:5:5-43
MERGED from [com.android.support:support-v4:23.3.0] AndroidManifest.xml:20:5-43
MERGED from [com.android.support:animated-vector-drawable:23.3.0] AndroidManifest.xml:5:5-44
MERGED from [com.android.support:support-vector-drawable:23.3.0] AndroidManifest.xml:5:5-43
MERGED from [com.android.support:support-v4:23.3.0] AndroidManifest.xml:20:5-43
MERGED from [com.android.support:support-v4:23.3.0] AndroidManifest.xml:20:5-43
MERGED from [com.android.support:recyclerview-v7:23.3.0] AndroidManifest.xml:20:5-43
MERGED from [com.android.support:support-v4:23.3.0] AndroidManifest.xml:20:5-43
MERGED from [com.android.support:support-v4:23.3.0] AndroidManifest.xml:20:5-43
	tools:overrideLibrary
		ADDED from [com.android.support:appcompat-v7:23.3.0] AndroidManifest.xml:23:9-75
	android:targetSdkVersion
		ADDED from src/main/AndroidManifest.xml:9:9-38
		INJECTED from src/main/AndroidManifest.xml
		INJECTED from src/main/AndroidManifest.xml
	android:minSdkVersion
		ADDED from src/main/AndroidManifest.xml:8:9-35
		INJECTED from src/main/AndroidManifest.xml
		INJECTED from src/main/AndroidManifest.xml
uses-permission#android.permission.INTERNET
ADDED from src/main/AndroidManifest.xml:11:5-67
MERGED from [HomeKitchen:placingorder:unspecified] AndroidManifest.xml:14:5-67
MERGED from [HomeKitchen:app:unspecified] AndroidManifest.xml:15:5-67
	android:name
		ADDED from src/main/AndroidManifest.xml:11:22-64
uses-permission#android.permission.ACCESS_NETWORK_STATE
ADDED from src/main/AndroidManifest.xml:12:5-79
MERGED from [HomeKitchen:placingorder:unspecified] AndroidManifest.xml:15:5-79
MERGED from [HomeKitchen:app:unspecified] AndroidManifest.xml:16:5-79
	android:name
		ADDED from src/main/AndroidManifest.xml:12:22-76
uses-permission#android.permission.WRITE_EXTERNAL_STORAGE
ADDED from src/main/AndroidManifest.xml:13:5-81
	android:name
		ADDED from src/main/AndroidManifest.xml:13:22-78
uses-permission#android.permission.READ_PHONE_STATE
ADDED from src/main/AndroidManifest.xml:14:5-75
	android:name
		ADDED from src/main/AndroidManifest.xml:14:22-72
uses-permission#android.permission.READ_EXTERNAL_STORAGE
ADDED from src/main/AndroidManifest.xml:15:5-80
	android:name
		ADDED from src/main/AndroidManifest.xml:15:22-77
application
ADDED from src/main/AndroidManifest.xml:17:5-62:19
MERGED from [com.android.support:appcompat-v7:23.3.0] AndroidManifest.xml:25:5-20
MERGED from [com.android.support:support-vector-drawable:23.3.0] AndroidManifest.xml:7:5-20
MERGED from [com.android.support:support-v4:23.3.0] AndroidManifest.xml:22:5-20
MERGED from [com.android.support:animated-vector-drawable:23.3.0] AndroidManifest.xml:7:5-20
MERGED from [com.android.support:support-vector-drawable:23.3.0] AndroidManifest.xml:7:5-20
MERGED from [com.android.support:support-v4:23.3.0] AndroidManifest.xml:22:5-20
MERGED from [com.android.support:support-v4:23.3.0] AndroidManifest.xml:22:5-20
MERGED from [com.android.support:support-v4:23.3.0] AndroidManifest.xml:22:5-20
MERGED from [com.android.support:cardview-v7:23.0.1] AndroidManifest.xml:22:5-20
MERGED from [HomeKitchen:placingorder:unspecified] AndroidManifest.xml:17:5-38:19
MERGED from [HomeKitchen:app:unspecified] AndroidManifest.xml:18:5-42:19
MERGED from [com.android.support:appcompat-v7:23.3.0] AndroidManifest.xml:25:5-20
MERGED from [com.android.support:support-vector-drawable:23.3.0] AndroidManifest.xml:7:5-20
MERGED from [com.android.support:support-v4:23.3.0] AndroidManifest.xml:22:5-20
MERGED from [com.android.support:animated-vector-drawable:23.3.0] AndroidManifest.xml:7:5-20
MERGED from [com.android.support:support-vector-drawable:23.3.0] AndroidManifest.xml:7:5-20
MERGED from [com.android.support:support-v4:23.3.0] AndroidManifest.xml:22:5-20
MERGED from [com.android.support:support-v4:23.3.0] AndroidManifest.xml:22:5-20
MERGED from [com.android.support:design:23.3.0] AndroidManifest.xml:22:5-20
MERGED from [com.android.support:appcompat-v7:23.3.0] AndroidManifest.xml:25:5-20
MERGED from [com.android.support:support-vector-drawable:23.3.0] AndroidManifest.xml:7:5-20
MERGED from [com.android.support:support-v4:23.3.0] AndroidManifest.xml:22:5-20
MERGED from [com.android.support:animated-vector-drawable:23.3.0] AndroidManifest.xml:7:5-20
MERGED from [com.android.support:support-vector-drawable:23.3.0] AndroidManifest.xml:7:5-20
MERGED from [com.android.support:support-v4:23.3.0] AndroidManifest.xml:22:5-20
MERGED from [com.android.support:support-v4:23.3.0] AndroidManifest.xml:22:5-20
MERGED from [com.android.support:support-v4:23.3.0] AndroidManifest.xml:22:5-20
MERGED from [com.android.support:support-v4:23.3.0] AndroidManifest.xml:22:5-20
MERGED from [com.android.support:support-v4:23.3.0] AndroidManifest.xml:22:5-20
MERGED from [com.android.support:appcompat-v7:23.3.0] AndroidManifest.xml:25:5-20
MERGED from [com.android.support:support-vector-drawable:23.3.0] AndroidManifest.xml:7:5-20
MERGED from [com.android.support:support-v4:23.3.0] AndroidManifest.xml:22:5-20
MERGED from [com.android.support:animated-vector-drawable:23.3.0] AndroidManifest.xml:7:5-20
MERGED from [com.android.support:support-vector-drawable:23.3.0] AndroidManifest.xml:7:5-20
MERGED from [com.android.support:support-v4:23.3.0] AndroidManifest.xml:22:5-20
MERGED from [com.android.support:support-v4:23.3.0] AndroidManifest.xml:22:5-20
MERGED from [com.android.support:support-v4:23.3.0] AndroidManifest.xml:22:5-20
MERGED from [com.android.support:support-v4:23.3.0] AndroidManifest.xml:22:5-20
	android:label
		ADDED from src/main/AndroidManifest.xml:20:9-41
	android:supportsRtl
		ADDED from src/main/AndroidManifest.xml:21:9-35
	android:allowBackup
		ADDED from src/main/AndroidManifest.xml:18:9-35
	android:icon
		ADDED from src/main/AndroidManifest.xml:19:9-43
	android:theme
		ADDED from src/main/AndroidManifest.xml:22:9-40
activity#com.backendless.hk3.login.LoginActivity
ADDED from src/main/AndroidManifest.xml:23:9-31:20
	android:label
		ADDED from src/main/AndroidManifest.xml:25:13-45
	android:name
		ADDED from src/main/AndroidManifest.xml:24:13-42
intent-filter#android.intent.action.MAIN+android.intent.category.LAUNCHER
ADDED from src/main/AndroidManifest.xml:26:13-30:29
action#android.intent.action.MAIN
ADDED from src/main/AndroidManifest.xml:27:17-69
	android:name
		ADDED from src/main/AndroidManifest.xml:27:25-66
category#android.intent.category.LAUNCHER
ADDED from src/main/AndroidManifest.xml:29:17-77
	android:name
		ADDED from src/main/AndroidManifest.xml:29:27-74
activity#com.backendless.hk3.login.PasswordRecoveryRequestedActivity
ADDED from src/main/AndroidManifest.xml:32:9-71
	android:name
		ADDED from src/main/AndroidManifest.xml:32:19-68
activity#com.backendless.hk3.login.RegisterActivity
ADDED from src/main/AndroidManifest.xml:33:9-54
	android:name
		ADDED from src/main/AndroidManifest.xml:33:19-51
activity#com.backendless.hk3.login.RegistrationSuccessActivity
ADDED from src/main/AndroidManifest.xml:34:9-65
	android:name
		ADDED from src/main/AndroidManifest.xml:34:19-62
activity#com.backendless.hk3.login.RestorePasswordActivity
ADDED from src/main/AndroidManifest.xml:35:9-61
	android:name
		ADDED from src/main/AndroidManifest.xml:35:19-58
activity#com.backendless.hk3.login.LoginSuccessActivity
ADDED from src/main/AndroidManifest.xml:36:9-58
	android:name
		ADDED from src/main/AndroidManifest.xml:36:19-55
activity#com.backendless.hk3.login.kitchen_list.KitchenHomepageActivity
ADDED from src/main/AndroidManifest.xml:37:9-44:20
	android:configChanges
		ADDED from src/main/AndroidManifest.xml:39:13-59
	android:theme
		ADDED from src/main/AndroidManifest.xml:40:13-49
	android:name
		ADDED from src/main/AndroidManifest.xml:38:13-65
meta-data#android.app.searchable
ADDED from src/main/AndroidManifest.xml:41:13-43:54
	android:resource
		ADDED from src/main/AndroidManifest.xml:43:17-51
	android:name
		ADDED from src/main/AndroidManifest.xml:42:17-54
activity#com.backendless.hk3.login.kitchen_list.SearchableActivity
ADDED from src/main/AndroidManifest.xml:45:9-53:20
	android:name
		ADDED from src/main/AndroidManifest.xml:45:19-66
intent-filter#android.intent.action.SEARCH
ADDED from src/main/AndroidManifest.xml:46:13-48:29
action#android.intent.action.SEARCH
ADDED from src/main/AndroidManifest.xml:47:17-71
	android:name
		ADDED from src/main/AndroidManifest.xml:47:25-68
service#com.backendless.AndroidService
ADDED from src/main/AndroidManifest.xml:59:9-66
	android:name
		ADDED from src/main/AndroidManifest.xml:59:18-63
activity#com.backendless.hk3.login.kitchen_list.FollowedKitchenActivity
ADDED from src/main/AndroidManifest.xml:61:9-83
	android:name
		ADDED from src/main/AndroidManifest.xml:61:19-71
uses-permission#android.permission.GET_ACCOUNTS
ADDED from [HomeKitchen:placingorder:unspecified] AndroidManifest.xml:11:5-71
MERGED from [HomeKitchen:app:unspecified] AndroidManifest.xml:12:5-71
	android:name
		ADDED from [HomeKitchen:placingorder:unspecified] AndroidManifest.xml:11:22-68
uses-permission#android.permission.READ_PROFILE
ADDED from [HomeKitchen:placingorder:unspecified] AndroidManifest.xml:12:5-71
MERGED from [HomeKitchen:app:unspecified] AndroidManifest.xml:13:5-71
	android:name
		ADDED from [HomeKitchen:placingorder:unspecified] AndroidManifest.xml:12:22-68
uses-permission#android.permission.READ_CONTACTS
ADDED from [HomeKitchen:placingorder:unspecified] AndroidManifest.xml:13:5-72
MERGED from [HomeKitchen:app:unspecified] AndroidManifest.xml:14:5-72
	android:name
		ADDED from [HomeKitchen:placingorder:unspecified] AndroidManifest.xml:13:22-69
activity#edu.scu.ytong.placingorder.PlacingOrderActivity
ADDED from [HomeKitchen:placingorder:unspecified] AndroidManifest.xml:23:9-84
	android:name
		ADDED from [HomeKitchen:placingorder:unspecified] AndroidManifest.xml:23:19-81
activity#edu.scu.ytong.placingorder.OrderConformationActivity
ADDED from [HomeKitchen:placingorder:unspecified] AndroidManifest.xml:24:9-89
	android:name
		ADDED from [HomeKitchen:placingorder:unspecified] AndroidManifest.xml:24:19-86
activity#edu.scu.ytong.placingorder.TestActivity
ADDED from [HomeKitchen:placingorder:unspecified] AndroidManifest.xml:25:9-33:20
	android:theme
		ADDED from [HomeKitchen:placingorder:unspecified] AndroidManifest.xml:27:13-56
	android:name
		ADDED from [HomeKitchen:placingorder:unspecified] AndroidManifest.xml:26:13-67
activity#edu.scu.ytong.placingorder.CartToolbarActivity
ADDED from [HomeKitchen:placingorder:unspecified] AndroidManifest.xml:34:9-37:20
	android:theme
		ADDED from [HomeKitchen:placingorder:unspecified] AndroidManifest.xml:36:13-56
	android:name
		ADDED from [HomeKitchen:placingorder:unspecified] AndroidManifest.xml:35:13-74
activity#edu.scu.ytong.homekitchen.NavigationActivity
ADDED from [HomeKitchen:app:unspecified] AndroidManifest.xml:24:9-28:20
	android:label
		ADDED from [HomeKitchen:app:unspecified] AndroidManifest.xml:26:13-45
	android:theme
		ADDED from [HomeKitchen:app:unspecified] AndroidManifest.xml:27:13-56
	android:name
		ADDED from [HomeKitchen:app:unspecified] AndroidManifest.xml:25:13-72
activity#edu.scu.ytong.homekitchen.LoginActivity
ADDED from [HomeKitchen:app:unspecified] AndroidManifest.xml:29:9-31:60
	android:label
		ADDED from [HomeKitchen:app:unspecified] AndroidManifest.xml:31:13-57
	android:name
		ADDED from [HomeKitchen:app:unspecified] AndroidManifest.xml:30:13-67
activity#edu.scu.ytong.homekitchen.SettingsActivity
ADDED from [HomeKitchen:app:unspecified] AndroidManifest.xml:32:9-35:89
	android:label
		ADDED from [HomeKitchen:app:unspecified] AndroidManifest.xml:34:13-60
	android:parentActivityName
		ADDED from [HomeKitchen:app:unspecified] AndroidManifest.xml:35:13-86
	android:name
		ADDED from [HomeKitchen:app:unspecified] AndroidManifest.xml:33:13-70
activity#edu.scu.ytong.homekitchen.RegisteActivity
ADDED from [HomeKitchen:app:unspecified] AndroidManifest.xml:36:9-78
	android:name
		ADDED from [HomeKitchen:app:unspecified] AndroidManifest.xml:36:19-75
activity#edu.scu.ytong.homekitchen.MainActivity
ADDED from [HomeKitchen:app:unspecified] AndroidManifest.xml:37:9-41:20
	android:name
		ADDED from [HomeKitchen:app:unspecified] AndroidManifest.xml:37:19-72
intent-filter#android.intent.action.MAIN
ADDED from [HomeKitchen:app:unspecified] AndroidManifest.xml:38:13-40:29